{
  service: 'enhanced-ai-pipeline',
  type: 'error',
  message: 'Application Error connect ECONNREFUSED ::1:27017, connect ECONNREFUSED 127.0.0.1:27017',
  stack: 'MongooseServerSelectionError: connect ECONNREFUSED ::1:27017, connect ECONNREFUSED 127.0.0.1:27017\n' +
    '    at _handleConnectionErrors (/home/user/webapp/new-main/neurochat/backend/enhanced-ai-pipeline/node_modules/mongoose/lib/connection.js:816:11)\n' +
    '    at NativeConnection.openUri (/home/user/webapp/new-main/neurochat/backend/enhanced-ai-pipeline/node_modules/mongoose/lib/connection.js:791:11)\n' +
    '    at async DatabaseManager.connectMongoDB (/home/user/webapp/new-main/neurochat/backend/enhanced-ai-pipeline/src/utils/database.js:91:30)\n' +
    '    at async DatabaseManager.initialize (/home/user/webapp/new-main/neurochat/backend/enhanced-ai-pipeline/src/utils/database.js:120:9)\n' +
    '    at async Server.initialize (/home/user/webapp/new-main/neurochat/backend/enhanced-ai-pipeline/src/api/server.js:33:7)\n' +
    '    at async Server.start (/home/user/webapp/new-main/neurochat/backend/enhanced-ai-pipeline/src/api/server.js:658:7)',
  component: 'mongodb',
  operation: 'connect',
  timestamp: '2025-09-05 13:25:42',
  level: 'error'
}
{
  service: 'enhanced-ai-pipeline',
  type: 'error',
  message: 'Application Error connect ECONNREFUSED ::1:27017, connect ECONNREFUSED 127.0.0.1:27017',
  stack: 'MongoServerSelectionError: connect ECONNREFUSED ::1:27017, connect ECONNREFUSED 127.0.0.1:27017\n' +
    '    at Timeout._onTimeout (/home/user/webapp/new-main/neurochat/backend/enhanced-ai-pipeline/node_modules/mongodb/lib/sdam/topology.js:278:38)\n' +
    '    at listOnTimeout (node:internal/timers:581:17)\n' +
    '    at process.processTimers (node:internal/timers:519:7)',
  component: 'mongodb',
  timestamp: '2025-09-05 13:25:42',
  level: 'error'
}
{
  service: 'enhanced-ai-pipeline',
  type: 'error',
  message: 'Application Error connect ECONNREFUSED ::1:27017, connect ECONNREFUSED 127.0.0.1:27017',
  stack: 'MongooseServerSelectionError: connect ECONNREFUSED ::1:27017, connect ECONNREFUSED 127.0.0.1:27017\n' +
    '    at _handleConnectionErrors (/home/user/webapp/7-main/new-main/neurochat/backend/enhanced-ai-pipeline/node_modules/mongoose/lib/connection.js:816:11)\n' +
    '    at NativeConnection.openUri (/home/user/webapp/7-main/new-main/neurochat/backend/enhanced-ai-pipeline/node_modules/mongoose/lib/connection.js:791:11)\n' +
    '    at async DatabaseManager.connectMongoDB (/home/user/webapp/7-main/new-main/neurochat/backend/enhanced-ai-pipeline/src/utils/database.js:91:30)\n' +
    '    at async DatabaseManager.initialize (/home/user/webapp/7-main/new-main/neurochat/backend/enhanced-ai-pipeline/src/utils/database.js:120:9)\n' +
    '    at async Server.initialize (/home/user/webapp/7-main/new-main/neurochat/backend/enhanced-ai-pipeline/src/api/server.js:34:7)\n' +
    '    at async Server.start (/home/user/webapp/7-main/new-main/neurochat/backend/enhanced-ai-pipeline/src/api/server.js:677:7)',
  component: 'mongodb',
  operation: 'connect',
  timestamp: '2025-09-05 19:30:25',
  level: 'error'
}
{
  service: 'enhanced-ai-pipeline',
  type: 'error',
  message: 'Application Error connect ECONNREFUSED ::1:27017, connect ECONNREFUSED 127.0.0.1:27017',
  stack: 'MongoServerSelectionError: connect ECONNREFUSED ::1:27017, connect ECONNREFUSED 127.0.0.1:27017\n' +
    '    at Timeout._onTimeout (/home/user/webapp/7-main/new-main/neurochat/backend/enhanced-ai-pipeline/node_modules/mongodb/lib/sdam/topology.js:278:38)\n' +
    '    at listOnTimeout (node:internal/timers:581:17)\n' +
    '    at process.processTimers (node:internal/timers:519:7)',
  component: 'mongodb',
  timestamp: '2025-09-05 19:30:25',
  level: 'error'
}
{
  service: 'enhanced-ai-pipeline',
  type: 'error',
  message: 'Application Error connect ECONNREFUSED ::1:27017, connect ECONNREFUSED 127.0.0.1:27017',
  stack: 'MongooseServerSelectionError: connect ECONNREFUSED ::1:27017, connect ECONNREFUSED 127.0.0.1:27017\n' +
    '    at _handleConnectionErrors (C:\\Users\\Administrator\\Downloads\\6-main\\6-main\\7-main\\new-main\\neurochat\\backend\\enhanced-ai-pipeline\\node_modules\\mongoose\\lib\\connection.js:816:11)\n' +
    '    at NativeConnection.openUri (C:\\Users\\Administrator\\Downloads\\6-main\\6-main\\7-main\\new-main\\neurochat\\backend\\enhanced-ai-pipeline\\node_modules\\mongoose\\lib\\connection.js:791:11)\n' +
    '    at async DatabaseManager.connectMongoDB (C:\\Users\\Administrator\\Downloads\\6-main\\6-main\\7-main\\new-main\\neurochat\\backend\\enhanced-ai-pipeline\\src\\utils\\database.js:91:30)\n' +
    '    at async DatabaseManager.initialize (C:\\Users\\Administrator\\Downloads\\6-main\\6-main\\7-main\\new-main\\neurochat\\backend\\enhanced-ai-pipeline\\src\\utils\\database.js:120:9)\n' +
    '    at async Server.initialize (C:\\Users\\Administrator\\Downloads\\6-main\\6-main\\7-main\\new-main\\neurochat\\backend\\enhanced-ai-pipeline\\src\\api\\server.js:34:7)\n' +
    '    at async Server.start (C:\\Users\\Administrator\\Downloads\\6-main\\6-main\\7-main\\new-main\\neurochat\\backend\\enhanced-ai-pipeline\\src\\api\\server.js:677:7)',
  component: 'mongodb',
  operation: 'connect',
  timestamp: '2025-09-06 13:29:25',
  level: 'error'
}
{
  service: 'enhanced-ai-pipeline',
  type: 'error',
  message: 'Application Error connect ECONNREFUSED ::1:27017, connect ECONNREFUSED 127.0.0.1:27017',
  stack: 'MongoServerSelectionError: connect ECONNREFUSED ::1:27017, connect ECONNREFUSED 127.0.0.1:27017\n' +
    '    at Timeout._onTimeout (C:\\Users\\Administrator\\Downloads\\6-main\\6-main\\7-main\\new-main\\neurochat\\backend\\enhanced-ai-pipeline\\node_modules\\mongodb\\lib\\sdam\\topology.js:278:38)\n' +
    '    at listOnTimeout (node:internal/timers:594:17)\n' +
    '    at process.processTimers (node:internal/timers:529:7)',
  component: 'mongodb',
  timestamp: '2025-09-06 13:29:25',
  level: 'error'
}
{
  service: 'enhanced-ai-pipeline',
  type: 'error',
  message: 'Application Error listen EADDRINUSE: address already in use 0.0.0.0:12000',
  stack: 'Error: listen EADDRINUSE: address already in use 0.0.0.0:12000\n' +
    '    at Server.setupListenHandle [as _listen2] (node:net:1937:16)\n' +
    '    at listenInCluster (node:net:1994:12)\n' +
    '    at node:net:2203:7\n' +
    '    at process.processTicksAndRejections (node:internal/process/task_queues:90:21)',
  component: 'server',
  operation: 'uncaughtException',
  timestamp: '2025-09-06 13:29:25',
  level: 'error'
}
{
  service: 'enhanced-ai-pipeline',
  type: 'error',
  message: "Application Error Cannot read properties of undefined (reading 'toString')",
  stack: "TypeError: Cannot read properties of undefined (reading 'toString')\n" +
    '    at process.<anonymous> (C:\\Users\\Administrator\\Downloads\\6-main\\6-main\\7-main\\new-main\\neurochat\\backend\\enhanced-ai-pipeline\\src\\api\\server.js:658:24)\n' +
    '    at process.emit (node:events:518:28)\n' +
    '    at emitUnhandledRejection (node:internal/process/promises:252:13)\n' +
    '    at throwUnhandledRejectionsMode (node:internal/process/promises:388:19)\n' +
    '    at processPromiseRejections (node:internal/process/promises:475:17)\n' +
    '    at process.processTicksAndRejections (node:internal/process/task_queues:106:32)',
  component: 'server',
  operation: 'uncaughtException',
  timestamp: '2025-09-06 13:29:25',
  level: 'error'
}
{
  service: 'enhanced-ai-pipeline',
  type: 'error',
  message: "Application Error Cannot read properties of undefined (reading 'toString')",
  stack: "TypeError: Cannot read properties of undefined (reading 'toString')\n" +
    '    at process.<anonymous> (C:\\Users\\Administrator\\Downloads\\6-main\\6-main\\7-main\\new-main\\neurochat\\backend\\enhanced-ai-pipeline\\src\\api\\server.js:658:24)\n' +
    '    at process.emit (node:events:518:28)\n' +
    '    at emitUnhandledRejection (node:internal/process/promises:252:13)\n' +
    '    at throwUnhandledRejectionsMode (node:internal/process/promises:388:19)\n' +
    '    at processPromiseRejections (node:internal/process/promises:475:17)\n' +
    '    at process.processTicksAndRejections (node:internal/process/task_queues:106:32)',
  component: 'server',
  operation: 'uncaughtException',
  timestamp: '2025-09-06 13:29:25',
  level: 'error'
}
{
  service: 'enhanced-ai-pipeline',
  type: 'error',
  message: "Application Error Cannot read properties of undefined (reading 'toString')",
  stack: "TypeError: Cannot read properties of undefined (reading 'toString')\n" +
    '    at process.<anonymous> (C:\\Users\\Administrator\\Downloads\\6-main\\6-main\\7-main\\new-main\\neurochat\\backend\\enhanced-ai-pipeline\\src\\api\\server.js:658:24)\n' +
    '    at process.emit (node:events:518:28)\n' +
    '    at emitUnhandledRejection (node:internal/process/promises:252:13)\n' +
    '    at throwUnhandledRejectionsMode (node:internal/process/promises:388:19)\n' +
    '    at processPromiseRejections (node:internal/process/promises:475:17)\n' +
    '    at process.processTicksAndRejections (node:internal/process/task_queues:106:32)',
  component: 'server',
  operation: 'uncaughtException',
  timestamp: '2025-09-06 13:29:25',
  level: 'error'
}
{
  service: 'enhanced-ai-pipeline',
  type: 'error',
  message: "Application Error Cannot read properties of undefined (reading 'toString')",
  stack: "TypeError: Cannot read properties of undefined (reading 'toString')\n" +
    '    at process.<anonymous> (C:\\Users\\Administrator\\Downloads\\6-main\\6-main\\7-main\\new-main\\neurochat\\backend\\enhanced-ai-pipeline\\src\\api\\server.js:658:24)\n' +
    '    at process.emit (node:events:518:28)\n' +
    '    at emitUnhandledRejection (node:internal/process/promises:252:13)\n' +
    '    at throwUnhandledRejectionsMode (node:internal/process/promises:388:19)\n' +
    '    at processPromiseRejections (node:internal/process/promises:475:17)\n' +
    '    at process.processTicksAndRejections (node:internal/process/task_queues:106:32)',
  component: 'server',
  operation: 'uncaughtException',
  timestamp: '2025-09-06 13:29:25',
  level: 'error'
}
{
  service: 'enhanced-ai-pipeline',
  type: 'error',
  message: 'Application Error connect ECONNREFUSED ::1:27017, connect ECONNREFUSED 127.0.0.1:27017',
  stack: 'MongooseServerSelectionError: connect ECONNREFUSED ::1:27017, connect ECONNREFUSED 127.0.0.1:27017\n' +
    '    at _handleConnectionErrors (C:\\Users\\Administrator\\Downloads\\6-main\\6-main\\7-main\\new-main\\neurochat\\backend\\enhanced-ai-pipeline\\node_modules\\mongoose\\lib\\connection.js:816:11)\n' +
    '    at NativeConnection.openUri (C:\\Users\\Administrator\\Downloads\\6-main\\6-main\\7-main\\new-main\\neurochat\\backend\\enhanced-ai-pipeline\\node_modules\\mongoose\\lib\\connection.js:791:11)\n' +
    '    at async DatabaseManager.connectMongoDB (C:\\Users\\Administrator\\Downloads\\6-main\\6-main\\7-main\\new-main\\neurochat\\backend\\enhanced-ai-pipeline\\src\\utils\\database.js:91:30)\n' +
    '    at async DatabaseManager.initialize (C:\\Users\\Administrator\\Downloads\\6-main\\6-main\\7-main\\new-main\\neurochat\\backend\\enhanced-ai-pipeline\\src\\utils\\database.js:120:9)\n' +
    '    at async Server.initialize (C:\\Users\\Administrator\\Downloads\\6-main\\6-main\\7-main\\new-main\\neurochat\\backend\\enhanced-ai-pipeline\\src\\api\\server.js:34:7)\n' +
    '    at async Server.start (C:\\Users\\Administrator\\Downloads\\6-main\\6-main\\7-main\\new-main\\neurochat\\backend\\enhanced-ai-pipeline\\src\\api\\server.js:677:7)',
  component: 'mongodb',
  operation: 'connect',
  timestamp: '2025-09-06 13:37:03',
  level: 'error'
}
{
  service: 'enhanced-ai-pipeline',
  type: 'error',
  message: 'Application Error connect ECONNREFUSED ::1:27017, connect ECONNREFUSED 127.0.0.1:27017',
  stack: 'MongoServerSelectionError: connect ECONNREFUSED ::1:27017, connect ECONNREFUSED 127.0.0.1:27017\n' +
    '    at Timeout._onTimeout (C:\\Users\\Administrator\\Downloads\\6-main\\6-main\\7-main\\new-main\\neurochat\\backend\\enhanced-ai-pipeline\\node_modules\\mongodb\\lib\\sdam\\topology.js:278:38)\n' +
    '    at listOnTimeout (node:internal/timers:594:17)\n' +
    '    at process.processTimers (node:internal/timers:529:7)',
  component: 'mongodb',
  timestamp: '2025-09-06 13:37:03',
  level: 'error'
}
{
  service: 'enhanced-ai-pipeline',
  type: 'error',
  message: 'Application Error listen EADDRINUSE: address already in use 0.0.0.0:12000',
  stack: 'Error: listen EADDRINUSE: address already in use 0.0.0.0:12000\n' +
    '    at Server.setupListenHandle [as _listen2] (node:net:1937:16)\n' +
    '    at listenInCluster (node:net:1994:12)\n' +
    '    at node:net:2203:7\n' +
    '    at process.processTicksAndRejections (node:internal/process/task_queues:90:21)',
  component: 'server',
  operation: 'uncaughtException',
  timestamp: '2025-09-06 13:37:03',
  level: 'error'
}
{
  service: 'enhanced-ai-pipeline',
  type: 'error',
  message: "Application Error Cannot read properties of undefined (reading 'toString')",
  stack: "TypeError: Cannot read properties of undefined (reading 'toString')\n" +
    '    at process.<anonymous> (C:\\Users\\Administrator\\Downloads\\6-main\\6-main\\7-main\\new-main\\neurochat\\backend\\enhanced-ai-pipeline\\src\\api\\server.js:658:24)\n' +
    '    at process.emit (node:events:518:28)\n' +
    '    at emitUnhandledRejection (node:internal/process/promises:252:13)\n' +
    '    at throwUnhandledRejectionsMode (node:internal/process/promises:388:19)\n' +
    '    at processPromiseRejections (node:internal/process/promises:475:17)\n' +
    '    at process.processTicksAndRejections (node:internal/process/task_queues:106:32)',
  component: 'server',
  operation: 'uncaughtException',
  timestamp: '2025-09-06 13:37:03',
  level: 'error'
}
{
  service: 'enhanced-ai-pipeline',
  type: 'error',
  message: "Application Error Cannot read properties of undefined (reading 'toString')",
  stack: "TypeError: Cannot read properties of undefined (reading 'toString')\n" +
    '    at process.<anonymous> (C:\\Users\\Administrator\\Downloads\\6-main\\6-main\\7-main\\new-main\\neurochat\\backend\\enhanced-ai-pipeline\\src\\api\\server.js:658:24)\n' +
    '    at process.emit (node:events:518:28)\n' +
    '    at emitUnhandledRejection (node:internal/process/promises:252:13)\n' +
    '    at throwUnhandledRejectionsMode (node:internal/process/promises:388:19)\n' +
    '    at processPromiseRejections (node:internal/process/promises:475:17)\n' +
    '    at process.processTicksAndRejections (node:internal/process/task_queues:106:32)',
  component: 'server',
  operation: 'uncaughtException',
  timestamp: '2025-09-06 13:37:03',
  level: 'error'
}
{
  service: 'enhanced-ai-pipeline',
  type: 'error',
  message: "Application Error Cannot read properties of undefined (reading 'toString')",
  stack: "TypeError: Cannot read properties of undefined (reading 'toString')\n" +
    '    at process.<anonymous> (C:\\Users\\Administrator\\Downloads\\6-main\\6-main\\7-main\\new-main\\neurochat\\backend\\enhanced-ai-pipeline\\src\\api\\server.js:658:24)\n' +
    '    at process.emit (node:events:518:28)\n' +
    '    at emitUnhandledRejection (node:internal/process/promises:252:13)\n' +
    '    at throwUnhandledRejectionsMode (node:internal/process/promises:388:19)\n' +
    '    at processPromiseRejections (node:internal/process/promises:475:17)\n' +
    '    at process.processTicksAndRejections (node:internal/process/task_queues:106:32)',
  component: 'server',
  operation: 'uncaughtException',
  timestamp: '2025-09-06 13:37:03',
  level: 'error'
}
{
  service: 'enhanced-ai-pipeline',
  type: 'error',
  message: "Application Error Cannot read properties of undefined (reading 'toString')",
  stack: "TypeError: Cannot read properties of undefined (reading 'toString')\n" +
    '    at process.<anonymous> (C:\\Users\\Administrator\\Downloads\\6-main\\6-main\\7-main\\new-main\\neurochat\\backend\\enhanced-ai-pipeline\\src\\api\\server.js:658:24)\n' +
    '    at process.emit (node:events:518:28)\n' +
    '    at emitUnhandledRejection (node:internal/process/promises:252:13)\n' +
    '    at throwUnhandledRejectionsMode (node:internal/process/promises:388:19)\n' +
    '    at processPromiseRejections (node:internal/process/promises:475:17)\n' +
    '    at process.processTicksAndRejections (node:internal/process/task_queues:106:32)',
  component: 'server',
  operation: 'uncaughtException',
  timestamp: '2025-09-06 13:37:03',
  level: 'error'
}
